# JRE version: Java(TM) SE Runtime Environment (8.0_05-b13) (build 1.8.0_05-b13)
# Java VM: Java HotSpot(TM) 64-Bit Server VM (25.5-b02 mixed mode windows-amd64 compressed oops)
Heap:
 PSYoungGen      total 204288K, used 100479K [0x00000000d8380000, 0x00000000e9000000, 0x0000000100000000)
  eden space 157184K, 34% used [0x00000000d8380000,0x00000000db913e10,0x00000000e1d00000)
  from space 47104K, 96% used [0x00000000e1d00000,0x00000000e498bf40,0x00000000e4b00000)
  to   space 54272K, 0% used [0x00000000e5b00000,0x00000000e5b00000,0x00000000e9000000)
 ParOldGen       total 116224K, used 92831K [0x0000000088a00000, 0x000000008fb80000, 0x00000000d8380000)
  object space 116224K, 79% used [0x0000000088a00000,0x000000008e4a7de8,0x000000008fb80000)
 Metaspace       used 154560K, capacity 155776K, committed 156544K, reserved 1179648K
  class space    used 25939K, capacity 26313K, committed 26496K, reserved 1048576K
GC Heap History (10 events):
Event: 1610.486 GC heap before
{Heap before GC invocations=53 (full 3):
 PSYoungGen      total 163328K, used 150944K [0x00000000d8380000, 0x00000000e4080000, 0x0000000100000000)
  eden space 141824K, 100% used [0x00000000d8380000,0x00000000e0e00000,0x00000000e0e00000)
  from space 21504K, 42% used [0x00000000e0e00000,0x00000000e16e8030,0x00000000e2300000)
  to   space 20480K, 0% used [0x00000000e2c80000,0x00000000e2c80000,0x00000000e4080000)
 ParOldGen       total 55808K, used 47545K [0x0000000088a00000, 0x000000008c080000, 0x00000000d8380000)
  object space 55808K, 85% used [0x0000000088a00000,0x000000008b86e788,0x000000008c080000)
 Metaspace       used 130407K, capacity 131360K, committed 137008K, reserved 1163264K
  class space    used 21566K, capacity 21821K, committed 23680K, reserved 1048576K
Event: 1610.512 GC heap after
Heap after GC invocations=53 (full 3):
 PSYoungGen      total 172544K, used 13678K [0x00000000d8380000, 0x00000000e4200000, 0x0000000100000000)
  eden space 152064K, 0% used [0x00000000d8380000,0x00000000d8380000,0x00000000e1800000)
  from space 20480K, 66% used [0x00000000e2c80000,0x00000000e39db978,0x00000000e4080000)
  to   space 20992K, 0% used [0x00000000e1800000,0x00000000e1800000,0x00000000e2c80000)
 ParOldGen       total 55808K, used 47545K [0x0000000088a00000, 0x000000008c080000, 0x00000000d8380000)
  object space 55808K, 85% used [0x0000000088a00000,0x000000008b86e788,0x000000008c080000)
 Metaspace       used 130407K, capacity 131360K, committed 137008K, reserved 1163264K
  class space    used 21566K, capacity 21821K, committed 23680K, reserved 1048576K
}
Event: 1613.359 GC heap before
{Heap before GC invocations=54 (full 3):
 PSYoungGen      total 172544K, used 165742K [0x00000000d8380000, 0x00000000e4200000, 0x0000000100000000)
  eden space 152064K, 100% used [0x00000000d8380000,0x00000000e1800000,0x00000000e1800000)
  from space 20480K, 66% used [0x00000000e2c80000,0x00000000e39db978,0x00000000e4080000)
  to   space 20992K, 0% used [0x00000000e1800000,0x00000000e1800000,0x00000000e2c80000)
 ParOldGen       total 55808K, used 47545K [0x0000000088a00000, 0x000000008c080000, 0x00000000d8380000)
  object space 55808K, 85% used [0x0000000088a00000,0x000000008b86e788,0x000000008c080000)
 Metaspace       used 139042K, capacity 140024K, committed 140928K, reserved 1167360K
  class space    used 23065K, capacity 23361K, committed 23680K, reserved 1048576K
Event: 1613.409 GC heap after
Heap after GC invocations=54 (full 3):
 PSYoungGen      total 173056K, used 20983K [0x00000000d8380000, 0x00000000e7200000, 0x0000000100000000)
  eden space 152064K, 0% used [0x00000000d8380000,0x00000000d8380000,0x00000000e1800000)
  from space 20992K, 99% used [0x00000000e1800000,0x00000000e2c7df30,0x00000000e2c80000)
  to   space 39936K, 0% used [0x00000000e4b00000,0x00000000e4b00000,0x00000000e7200000)
 ParOldGen       total 91648K, used 91200K [0x0000000088a00000, 0x000000008e380000, 0x00000000d8380000)
  object space 91648K, 99% used [0x0000000088a00000,0x000000008e3103a0,0x000000008e380000)
 Metaspace       used 139042K, capacity 140024K, committed 140928K, reserved 1167360K
  class space    used 23065K, capacity 23361K, committed 23680K, reserved 1048576K
}
Event: 1613.409 GC heap before
{Heap before GC invocations=55 (full 4):
 PSYoungGen      total 173056K, used 20983K [0x00000000d8380000, 0x00000000e7200000, 0x0000000100000000)
  eden space 152064K, 0% used [0x00000000d8380000,0x00000000d8380000,0x00000000e1800000)
  from space 20992K, 99% used [0x00000000e1800000,0x00000000e2c7df30,0x00000000e2c80000)
  to   space 39936K, 0% used [0x00000000e4b00000,0x00000000e4b00000,0x00000000e7200000)
 ParOldGen       total 91648K, used 91200K [0x0000000088a00000, 0x000000008e380000, 0x00000000d8380000)
  object space 91648K, 99% used [0x0000000088a00000,0x000000008e3103a0,0x000000008e380000)
 Metaspace       used 139042K, capacity 140024K, committed 140928K, reserved 1167360K
  class space    used 23065K, capacity 23361K, committed 23680K, reserved 1048576K
Event: 1614.022 GC heap after
Heap after GC invocations=55 (full 4):
 PSYoungGen      total 173056K, used 15815K [0x00000000d8380000, 0x00000000e7200000, 0x0000000100000000)
  eden space 152064K, 0% used [0x00000000d8380000,0x00000000d8380000,0x00000000e1800000)
  from space 20992K, 75% used [0x00000000e1800000,0x00000000e2771ed0,0x00000000e2c80000)
  to   space 39936K, 0% used [0x00000000e4b00000,0x00000000e4b00000,0x00000000e7200000)
 ParOldGen       total 116224K, used 91524K [0x0000000088a00000, 0x000000008fb80000, 0x00000000d8380000)
  object space 116224K, 78% used [0x0000000088a00000,0x000000008e3612f0,0x000000008fb80000)
 Metaspace       used 139042K, capacity 140024K, committed 140928K, reserved 1167360K
  class space    used 23065K, capacity 23361K, committed 23680K, reserved 1048576K
}
Event: 1622.257 GC heap before
{Heap before GC invocations=56 (full 4):
 PSYoungGen      total 173056K, used 167879K [0x00000000d8380000, 0x00000000e7200000, 0x0000000100000000)
  eden space 152064K, 100% used [0x00000000d8380000,0x00000000e1800000,0x00000000e1800000)
  from space 20992K, 75% used [0x00000000e1800000,0x00000000e2771ed0,0x00000000e2c80000)
  to   space 39936K, 0% used [0x00000000e4b00000,0x00000000e4b00000,0x00000000e7200000)
 ParOldGen       total 116224K, used 91524K [0x0000000088a00000, 0x000000008fb80000, 0x00000000d8380000)
  object space 116224K, 78% used [0x0000000088a00000,0x000000008e3612f0,0x000000008fb80000)
 Metaspace       used 147572K, capacity 148542K, committed 149120K, reserved 1173504K
  class space    used 24823K, capacity 25090K, committed 25216K, reserved 1048576K
Event: 1622.308 GC heap after
Heap after GC invocations=56 (full 4):
 PSYoungGen      total 197120K, used 39930K [0x00000000d8380000, 0x00000000e7d80000, 0x0000000100000000)
  eden space 157184K, 0% used [0x00000000d8380000,0x00000000d8380000,0x00000000e1d00000)
  from space 39936K, 99% used [0x00000000e4b00000,0x00000000e71febf0,0x00000000e7200000)
  to   space 47104K, 0% used [0x00000000e1d00000,0x00000000e1d00000,0x00000000e4b00000)
 ParOldGen       total 116224K, used 92823K [0x0000000088a00000, 0x000000008fb80000, 0x00000000d8380000)
  object space 116224K, 79% used [0x0000000088a00000,0x000000008e4a5de8,0x000000008fb80000)
 Metaspace       used 147572K, capacity 148542K, committed 149120K, reserved 1173504K
  class space    used 24823K, capacity 25090K, committed 25216K, reserved 1048576K
}
Event: 1631.809 GC heap before
{Heap before GC invocations=57 (full 4):
 PSYoungGen      total 197120K, used 197114K [0x00000000d8380000, 0x00000000e7d80000, 0x0000000100000000)
  eden space 157184K, 100% used [0x00000000d8380000,0x00000000e1d00000,0x00000000e1d00000)
  from space 39936K, 99% used [0x00000000e4b00000,0x00000000e71febf0,0x00000000e7200000)
  to   space 47104K, 0% used [0x00000000e1d00000,0x00000000e1d00000,0x00000000e4b00000)
 ParOldGen       total 116224K, used 92823K [0x0000000088a00000, 0x000000008fb80000, 0x00000000d8380000)
  object space 116224K, 79% used [0x0000000088a00000,0x000000008e4a5de8,0x000000008fb80000)
 Metaspace       used 153039K, capacity 154006K, committed 154624K, reserved 1177600K
  class space    used 25663K, capacity 25930K, committed 26112K, reserved 1048576K
Event: 1631.861 GC heap after
Heap after GC invocations=57 (full 4):
 PSYoungGen      total 204288K, used 45615K [0x00000000d8380000, 0x00000000e9000000, 0x0000000100000000)
  eden space 157184K, 0% used [0x00000000d8380000,0x00000000d8380000,0x00000000e1d00000)
  from space 47104K, 96% used [0x00000000e1d00000,0x00000000e498bf40,0x00000000e4b00000)
  to   space 54272K, 0% used [0x00000000e5b00000,0x00000000e5b00000,0x00000000e9000000)
 ParOldGen       total 116224K, used 92831K [0x0000000088a00000, 0x000000008fb80000, 0x00000000d8380000)
  object space 116224K, 79% used [0x0000000088a00000,0x000000008e4a7de8,0x000000008fb80000)
 Metaspace       used 153039K, capacity 154006K, committed 154624K, reserved 1177600K
  class space    used 25663K, capacity 25930K, committed 26112K, reserved 1048576K
}

