# JRE version: Java(TM) SE Runtime Environment (8.0_05-b13) (build 1.8.0_05-b13)
# Java VM: Java HotSpot(TM) 64-Bit Server VM (25.5-b02 mixed mode windows-amd64 compressed oops)
Heap:
 PSYoungGen      total 159232K, used 75303K [0x00000000d8380000, 0x00000000e4280000, 0x0000000100000000)
  eden space 133120K, 56% used [0x00000000d8380000,0x00000000dcd09c50,0x00000000e0580000)
  from space 26112K, 0% used [0x00000000e0580000,0x00000000e0580000,0x00000000e1f00000)
  to   space 25600K, 0% used [0x00000000e2980000,0x00000000e2980000,0x00000000e4280000)
 ParOldGen       total 60928K, used 51965K [0x0000000088a00000, 0x000000008c580000, 0x00000000d8380000)
  object space 60928K, 85% used [0x0000000088a00000,0x000000008bcbf668,0x000000008c580000)
 Metaspace       used 160660K, capacity 161770K, committed 162432K, reserved 1185792K
  class space    used 25649K, capacity 25937K, committed 25984K, reserved 1048576K
GC Heap History (10 events):
Event: 382.027 GC heap before
{Heap before GC invocations=41 (full 3):
 PSYoungGen      total 145408K, used 143732K [0x00000000d8380000, 0x00000000e2d80000, 0x0000000100000000)
  eden space 126464K, 100% used [0x00000000d8380000,0x00000000dff00000,0x00000000dff00000)
  from space 18944K, 91% used [0x00000000dff00000,0x00000000e0fdd018,0x00000000e1180000)
  to   space 20992K, 0% used [0x00000000e1900000,0x00000000e1900000,0x00000000e2d80000)
 ParOldGen       total 57856K, used 48776K [0x0000000088a00000, 0x000000008c280000, 0x00000000d8380000)
  object space 57856K, 84% used [0x0000000088a00000,0x000000008b9a2228,0x000000008c280000)
 Metaspace       used 139242K, capacity 140444K, committed 140928K, reserved 1167360K
  class space    used 22593K, capacity 22888K, committed 22912K, reserved 1048576K
Event: 382.043 GC heap after
Heap after GC invocations=41 (full 3):
 PSYoungGen      total 151040K, used 18425K [0x00000000d8380000, 0x00000000e3280000, 0x0000000100000000)
  eden space 130048K, 0% used [0x00000000d8380000,0x00000000d8380000,0x00000000e0280000)
  from space 20992K, 87% used [0x00000000e1900000,0x00000000e2afe7a8,0x00000000e2d80000)
  to   space 23040K, 0% used [0x00000000e0280000,0x00000000e0280000,0x00000000e1900000)
 ParOldGen       total 57856K, used 48776K [0x0000000088a00000, 0x000000008c280000, 0x00000000d8380000)
  object space 57856K, 84% used [0x0000000088a00000,0x000000008b9a2228,0x000000008c280000)
 Metaspace       used 139242K, capacity 140444K, committed 140928K, reserved 1167360K
  class space    used 22593K, capacity 22888K, committed 22912K, reserved 1048576K
}
Event: 730.226 GC heap before
{Heap before GC invocations=42 (full 3):
 PSYoungGen      total 151040K, used 148473K [0x00000000d8380000, 0x00000000e3280000, 0x0000000100000000)
  eden space 130048K, 100% used [0x00000000d8380000,0x00000000e0280000,0x00000000e0280000)
  from space 20992K, 87% used [0x00000000e1900000,0x00000000e2afe7a8,0x00000000e2d80000)
  to   space 23040K, 0% used [0x00000000e0280000,0x00000000e0280000,0x00000000e1900000)
 ParOldGen       total 57856K, used 48776K [0x0000000088a00000, 0x000000008c280000, 0x00000000d8380000)
  object space 57856K, 84% used [0x0000000088a00000,0x000000008b9a2228,0x000000008c280000)
 Metaspace       used 142676K, capacity 144032K, committed 144512K, reserved 1171456K
  class space    used 23120K, capacity 23424K, committed 23424K, reserved 1048576K
Event: 730.241 GC heap after
Heap after GC invocations=42 (full 3):
 PSYoungGen      total 153088K, used 15502K [0x00000000d8380000, 0x00000000e3600000, 0x0000000100000000)
  eden space 130048K, 0% used [0x00000000d8380000,0x00000000d8380000,0x00000000e0280000)
  from space 23040K, 67% used [0x00000000e0280000,0x00000000e11a38b0,0x00000000e1900000)
  to   space 23552K, 0% used [0x00000000e1f00000,0x00000000e1f00000,0x00000000e3600000)
 ParOldGen       total 57856K, used 48784K [0x0000000088a00000, 0x000000008c280000, 0x00000000d8380000)
  object space 57856K, 84% used [0x0000000088a00000,0x000000008b9a4228,0x000000008c280000)
 Metaspace       used 142676K, capacity 144032K, committed 144512K, reserved 1171456K
  class space    used 23120K, capacity 23424K, committed 23424K, reserved 1048576K
}
Event: 732.623 GC heap before
{Heap before GC invocations=43 (full 3):
 PSYoungGen      total 153088K, used 145550K [0x00000000d8380000, 0x00000000e3600000, 0x0000000100000000)
  eden space 130048K, 100% used [0x00000000d8380000,0x00000000e0280000,0x00000000e0280000)
  from space 23040K, 67% used [0x00000000e0280000,0x00000000e11a38b0,0x00000000e1900000)
  to   space 23552K, 0% used [0x00000000e1f00000,0x00000000e1f00000,0x00000000e3600000)
 ParOldGen       total 57856K, used 48784K [0x0000000088a00000, 0x000000008c280000, 0x00000000d8380000)
  object space 57856K, 84% used [0x0000000088a00000,0x000000008b9a4228,0x000000008c280000)
 Metaspace       used 153408K, capacity 154738K, committed 155264K, reserved 1179648K
  class space    used 24597K, capacity 24899K, committed 24960K, reserved 1048576K
Event: 732.641 GC heap after
Heap after GC invocations=43 (full 3):
 PSYoungGen      total 156672K, used 21220K [0x00000000d8380000, 0x00000000e3c00000, 0x0000000100000000)
  eden space 133120K, 0% used [0x00000000d8380000,0x00000000d8380000,0x00000000e0580000)
  from space 23552K, 90% used [0x00000000e1f00000,0x00000000e33b9268,0x00000000e3600000)
  to   space 26112K, 0% used [0x00000000e0580000,0x00000000e0580000,0x00000000e1f00000)
 ParOldGen       total 57856K, used 48784K [0x0000000088a00000, 0x000000008c280000, 0x00000000d8380000)
  object space 57856K, 84% used [0x0000000088a00000,0x000000008b9a4228,0x000000008c280000)
 Metaspace       used 153408K, capacity 154738K, committed 155264K, reserved 1179648K
  class space    used 24597K, capacity 24899K, committed 24960K, reserved 1048576K
}
Event: 733.134 GC heap before
{Heap before GC invocations=44 (full 3):
 PSYoungGen      total 156672K, used 47954K [0x00000000d8380000, 0x00000000e3c00000, 0x0000000100000000)
  eden space 133120K, 20% used [0x00000000d8380000,0x00000000d9d9b6f0,0x00000000e0580000)
  from space 23552K, 90% used [0x00000000e1f00000,0x00000000e33b9268,0x00000000e3600000)
  to   space 26112K, 0% used [0x00000000e0580000,0x00000000e0580000,0x00000000e1f00000)
 ParOldGen       total 57856K, used 48784K [0x0000000088a00000, 0x000000008c280000, 0x00000000d8380000)
  object space 57856K, 84% used [0x0000000088a00000,0x000000008b9a4228,0x000000008c280000)
 Metaspace       used 155289K, capacity 156658K, committed 157144K, reserved 1181696K
  class space    used 24852K, capacity 25155K, committed 25216K, reserved 1048576K
Event: 733.148 GC heap after
Heap after GC invocations=44 (full 3):
 PSYoungGen      total 159232K, used 13832K [0x00000000d8380000, 0x00000000e4280000, 0x0000000100000000)
  eden space 133120K, 0% used [0x00000000d8380000,0x00000000d8380000,0x00000000e0580000)
  from space 26112K, 52% used [0x00000000e0580000,0x00000000e13022a0,0x00000000e1f00000)
  to   space 25600K, 0% used [0x00000000e2980000,0x00000000e2980000,0x00000000e4280000)
 ParOldGen       total 57856K, used 48784K [0x0000000088a00000, 0x000000008c280000, 0x00000000d8380000)
  object space 57856K, 84% used [0x0000000088a00000,0x000000008b9a4228,0x000000008c280000)
 Metaspace       used 155289K, capacity 156658K, committed 157144K, reserved 1181696K
  class space    used 24852K, capacity 25155K, committed 25216K, reserved 1048576K
}
Event: 733.148 GC heap before
{Heap before GC invocations=45 (full 4):
 PSYoungGen      total 159232K, used 13832K [0x00000000d8380000, 0x00000000e4280000, 0x0000000100000000)
  eden space 133120K, 0% used [0x00000000d8380000,0x00000000d8380000,0x00000000e0580000)
  from space 26112K, 52% used [0x00000000e0580000,0x00000000e13022a0,0x00000000e1f00000)
  to   space 25600K, 0% used [0x00000000e2980000,0x00000000e2980000,0x00000000e4280000)
 ParOldGen       total 57856K, used 48784K [0x0000000088a00000, 0x000000008c280000, 0x00000000d8380000)
  object space 57856K, 84% used [0x0000000088a00000,0x000000008b9a4228,0x000000008c280000)
 Metaspace       used 155289K, capacity 156658K, committed 157144K, reserved 1181696K
  class space    used 24852K, capacity 25155K, committed 25216K, reserved 1048576K
Event: 733.324 GC heap after
Heap after GC invocations=45 (full 4):
 PSYoungGen      total 159232K, used 0K [0x00000000d8380000, 0x00000000e4280000, 0x0000000100000000)
  eden space 133120K, 0% used [0x00000000d8380000,0x00000000d8380000,0x00000000e0580000)
  from space 26112K, 0% used [0x00000000e0580000,0x00000000e0580000,0x00000000e1f00000)
  to   space 25600K, 0% used [0x00000000e2980000,0x00000000e2980000,0x00000000e4280000)
 ParOldGen       total 60928K, used 51965K [0x0000000088a00000, 0x000000008c580000, 0x00000000d8380000)
  object space 60928K, 85% used [0x0000000088a00000,0x000000008bcbf668,0x000000008c580000)
 Metaspace       used 155201K, capacity 156388K, committed 157144K, reserved 1181696K
  class space    used 24830K, capacity 25130K, committed 25216K, reserved 1048576K
}

