# JRE version: Java(TM) SE Runtime Environment (8.0_05-b13) (build 1.8.0_05-b13)
# Java VM: Java HotSpot(TM) 64-Bit Server VM (25.5-b02 mixed mode windows-amd64 compressed oops)
Heap:
 PSYoungGen      total 41984K, used 31684K [0x00000000d8380000, 0x00000000db200000, 0x0000000100000000)
  eden space 39424K, 77% used [0x00000000d8380000,0x00000000da130e48,0x00000000daa00000)
  from space 2560K, 50% used [0x00000000daf80000,0x00000000db0c04a0,0x00000000db200000)
  to   space 4096K, 0% used [0x00000000daa00000,0x00000000daa00000,0x00000000dae00000)
 ParOldGen       total 97792K, used 80083K [0x0000000088a00000, 0x000000008e980000, 0x00000000d8380000)
  object space 97792K, 81% used [0x0000000088a00000,0x000000008d834dd0,0x000000008e980000)
 Metaspace       used 204569K, capacity 208222K, committed 217728K, reserved 1230848K
  class space    used 33846K, capacity 34835K, committed 36480K, reserved 1048576K
GC Heap History (10 events):
Event: 9648.606 GC heap before
{Heap before GC invocations=1679 (full 9):
 PSYoungGen      total 47616K, used 47457K [0x00000000d8380000, 0x00000000dbb80000, 0x0000000100000000)
  eden space 46080K, 100% used [0x00000000d8380000,0x00000000db080000,0x00000000db080000)
  from space 1536K, 89% used [0x00000000db200000,0x00000000db3584a0,0x00000000db380000)
  to   space 5632K, 0% used [0x00000000db600000,0x00000000db600000,0x00000000dbb80000)
 ParOldGen       total 97792K, used 80007K [0x0000000088a00000, 0x000000008e980000, 0x00000000d8380000)
  object space 97792K, 81% used [0x0000000088a00000,0x000000008d821cb0,0x000000008e980000)
 Metaspace       used 204492K, capacity 208158K, committed 217728K, reserved 1230848K
  class space    used 33827K, capacity 34771K, committed 36480K, reserved 1048576K
Event: 9648.615 GC heap after
Heap after GC invocations=1679 (full 9):
 PSYoungGen      total 47616K, used 1697K [0x00000000d8380000, 0x00000000db900000, 0x0000000100000000)
  eden space 44544K, 0% used [0x00000000d8380000,0x00000000d8380000,0x00000000daf00000)
  from space 3072K, 55% used [0x00000000db600000,0x00000000db7a84a0,0x00000000db900000)
  to   space 5120K, 0% used [0x00000000daf00000,0x00000000daf00000,0x00000000db400000)
 ParOldGen       total 97792K, used 80007K [0x0000000088a00000, 0x000000008e980000, 0x00000000d8380000)
  object space 97792K, 81% used [0x0000000088a00000,0x000000008d821cb0,0x000000008e980000)
 Metaspace       used 204492K, capacity 208158K, committed 217728K, reserved 1230848K
  class space    used 33827K, capacity 34771K, committed 36480K, reserved 1048576K
}
Event: 9651.857 GC heap before
{Heap before GC invocations=1680 (full 9):
 PSYoungGen      total 47616K, used 46241K [0x00000000d8380000, 0x00000000db900000, 0x0000000100000000)
  eden space 44544K, 100% used [0x00000000d8380000,0x00000000daf00000,0x00000000daf00000)
  from space 3072K, 55% used [0x00000000db600000,0x00000000db7a84a0,0x00000000db900000)
  to   space 5120K, 0% used [0x00000000daf00000,0x00000000daf00000,0x00000000db400000)
 ParOldGen       total 97792K, used 80007K [0x0000000088a00000, 0x000000008e980000, 0x00000000d8380000)
  object space 97792K, 81% used [0x0000000088a00000,0x000000008d821cb0,0x000000008e980000)
 Metaspace       used 204492K, capacity 208158K, committed 217728K, reserved 1230848K
  class space    used 33827K, capacity 34771K, committed 36480K, reserved 1048576K
Event: 9651.864 GC heap after
Heap after GC invocations=1680 (full 9):
 PSYoungGen      total 44544K, used 1328K [0x00000000d8380000, 0x00000000db780000, 0x0000000100000000)
  eden space 43008K, 0% used [0x00000000d8380000,0x00000000d8380000,0x00000000dad80000)
  from space 1536K, 86% used [0x00000000daf00000,0x00000000db04c270,0x00000000db080000)
  to   space 5120K, 0% used [0x00000000db280000,0x00000000db280000,0x00000000db780000)
 ParOldGen       total 97792K, used 80007K [0x0000000088a00000, 0x000000008e980000, 0x00000000d8380000)
  object space 97792K, 81% used [0x0000000088a00000,0x000000008d821cb0,0x000000008e980000)
 Metaspace       used 204492K, capacity 208158K, committed 217728K, reserved 1230848K
  class space    used 33827K, capacity 34771K, committed 36480K, reserved 1048576K
}
Event: 9654.381 GC heap before
{Heap before GC invocations=1681 (full 9):
 PSYoungGen      total 44544K, used 44336K [0x00000000d8380000, 0x00000000db780000, 0x0000000100000000)
  eden space 43008K, 100% used [0x00000000d8380000,0x00000000dad80000,0x00000000dad80000)
  from space 1536K, 86% used [0x00000000daf00000,0x00000000db04c270,0x00000000db080000)
  to   space 5120K, 0% used [0x00000000db280000,0x00000000db280000,0x00000000db780000)
 ParOldGen       total 97792K, used 80007K [0x0000000088a00000, 0x000000008e980000, 0x00000000d8380000)
  object space 97792K, 81% used [0x0000000088a00000,0x000000008d821cb0,0x000000008e980000)
 Metaspace       used 204492K, capacity 208158K, committed 217728K, reserved 1230848K
  class space    used 33827K, capacity 34771K, committed 36480K, reserved 1048576K
Event: 9654.399 GC heap after
Heap after GC invocations=1681 (full 9):
 PSYoungGen      total 44032K, used 1889K [0x00000000d8380000, 0x00000000db500000, 0x0000000100000000)
  eden space 41472K, 0% used [0x00000000d8380000,0x00000000d8380000,0x00000000dac00000)
  from space 2560K, 73% used [0x00000000db280000,0x00000000db4584a0,0x00000000db500000)
  to   space 4608K, 0% used [0x00000000dac00000,0x00000000dac00000,0x00000000db080000)
 ParOldGen       total 97792K, used 80007K [0x0000000088a00000, 0x000000008e980000, 0x00000000d8380000)
  object space 97792K, 81% used [0x0000000088a00000,0x000000008d821cb0,0x000000008e980000)
 Metaspace       used 204492K, capacity 208158K, committed 217728K, reserved 1230848K
  class space    used 33827K, capacity 34771K, committed 36480K, reserved 1048576K
}
Event: 9658.024 GC heap before
{Heap before GC invocations=1682 (full 9):
 PSYoungGen      total 44032K, used 43361K [0x00000000d8380000, 0x00000000db500000, 0x0000000100000000)
  eden space 41472K, 100% used [0x00000000d8380000,0x00000000dac00000,0x00000000dac00000)
  from space 2560K, 73% used [0x00000000db280000,0x00000000db4584a0,0x00000000db500000)
  to   space 4608K, 0% used [0x00000000dac00000,0x00000000dac00000,0x00000000db080000)
 ParOldGen       total 97792K, used 80007K [0x0000000088a00000, 0x000000008e980000, 0x00000000d8380000)
  object space 97792K, 81% used [0x0000000088a00000,0x000000008d821cb0,0x000000008e980000)
 Metaspace       used 204492K, capacity 208158K, committed 217728K, reserved 1230848K
  class space    used 33827K, capacity 34771K, committed 36480K, reserved 1048576K
Event: 9658.031 GC heap after
Heap after GC invocations=1682 (full 9):
 PSYoungGen      total 41984K, used 1185K [0x00000000d8380000, 0x00000000db400000, 0x0000000100000000)
  eden space 40448K, 0% used [0x00000000d8380000,0x00000000d8380000,0x00000000dab00000)
  from space 1536K, 77% used [0x00000000dac00000,0x00000000dad284a0,0x00000000dad80000)
  to   space 4608K, 0% used [0x00000000daf80000,0x00000000daf80000,0x00000000db400000)
 ParOldGen       total 97792K, used 80007K [0x0000000088a00000, 0x000000008e980000, 0x00000000d8380000)
  object space 97792K, 81% used [0x0000000088a00000,0x000000008d821cb0,0x000000008e980000)
 Metaspace       used 204492K, capacity 208158K, committed 217728K, reserved 1230848K
  class space    used 33827K, capacity 34771K, committed 36480K, reserved 1048576K
}
Event: 9661.127 GC heap before
{Heap before GC invocations=1683 (full 9):
 PSYoungGen      total 41984K, used 41633K [0x00000000d8380000, 0x00000000db400000, 0x0000000100000000)
  eden space 40448K, 100% used [0x00000000d8380000,0x00000000dab00000,0x00000000dab00000)
  from space 1536K, 77% used [0x00000000dac00000,0x00000000dad284a0,0x00000000dad80000)
  to   space 4608K, 0% used [0x00000000daf80000,0x00000000daf80000,0x00000000db400000)
 ParOldGen       total 97792K, used 80007K [0x0000000088a00000, 0x000000008e980000, 0x00000000d8380000)
  object space 97792K, 81% used [0x0000000088a00000,0x000000008d821cb0,0x000000008e980000)
 Metaspace       used 204492K, capacity 208158K, committed 217728K, reserved 1230848K
  class space    used 33827K, capacity 34771K, committed 36480K, reserved 1048576K
Event: 9661.132 GC heap after
Heap after GC invocations=1683 (full 9):
 PSYoungGen      total 41984K, used 1281K [0x00000000d8380000, 0x00000000db200000, 0x0000000100000000)
  eden space 39424K, 0% used [0x00000000d8380000,0x00000000d8380000,0x00000000daa00000)
  from space 2560K, 50% used [0x00000000daf80000,0x00000000db0c04a0,0x00000000db200000)
  to   space 4096K, 0% used [0x00000000daa00000,0x00000000daa00000,0x00000000dae00000)
 ParOldGen       total 97792K, used 80083K [0x0000000088a00000, 0x000000008e980000, 0x00000000d8380000)
  object space 97792K, 81% used [0x0000000088a00000,0x000000008d834dd0,0x000000008e980000)
 Metaspace       used 204492K, capacity 208158K, committed 217728K, reserved 1230848K
  class space    used 33827K, capacity 34771K, committed 36480K, reserved 1048576K
}

