# JRE version: Java(TM) SE Runtime Environment (8.0_05-b13) (build 1.8.0_05-b13)
# Java VM: Java HotSpot(TM) 64-Bit Server VM (25.5-b02 mixed mode windows-amd64 compressed oops)
Heap:
 PSYoungGen      total 128512K, used 31445K [0x00000000d8380000, 0x00000000e0f00000, 0x0000000100000000)
  eden space 114688K, 24% used [0x00000000d8380000,0x00000000d9f27340,0x00000000df380000)
  from space 13824K, 22% used [0x00000000df380000,0x00000000df68e2c0,0x00000000e0100000)
  to   space 13824K, 0% used [0x00000000e0180000,0x00000000e0180000,0x00000000e0f00000)
 ParOldGen       total 140800K, used 131705K [0x0000000088a00000, 0x0000000091380000, 0x00000000d8380000)
  object space 140800K, 93% used [0x0000000088a00000,0x0000000090a9e780,0x0000000091380000)
 Metaspace       used 176799K, capacity 179460K, committed 179712K, reserved 1198080K
  class space    used 30557K, capacity 31183K, committed 31232K, reserved 1048576K
GC Heap History (10 events):
Event: 4760.969 GC heap before
{Heap before GC invocations=297 (full 10):
 PSYoungGen      total 128000K, used 118548K [0x00000000d8380000, 0x00000000e0e80000, 0x0000000100000000)
  eden space 113664K, 100% used [0x00000000d8380000,0x00000000df280000,0x00000000df280000)
  from space 14336K, 34% used [0x00000000e0080000,0x00000000e0545160,0x00000000e0e80000)
  to   space 14336K, 0% used [0x00000000df280000,0x00000000df280000,0x00000000e0080000)
 ParOldGen       total 140800K, used 129613K [0x0000000088a00000, 0x0000000091380000, 0x00000000d8380000)
  object space 140800K, 92% used [0x0000000088a00000,0x0000000090893748,0x0000000091380000)
 Metaspace       used 176619K, capacity 179396K, committed 179712K, reserved 1198080K
  class space    used 30534K, capacity 31183K, committed 31232K, reserved 1048576K
Event: 4760.977 GC heap after
Heap after GC invocations=297 (full 10):
 PSYoungGen      total 128000K, used 5533K [0x00000000d8380000, 0x00000000e0e00000, 0x0000000100000000)
  eden space 113664K, 0% used [0x00000000d8380000,0x00000000d8380000,0x00000000df280000)
  from space 14336K, 38% used [0x00000000df280000,0x00000000df7e7750,0x00000000e0080000)
  to   space 13824K, 0% used [0x00000000e0080000,0x00000000e0080000,0x00000000e0e00000)
 ParOldGen       total 140800K, used 129951K [0x0000000088a00000, 0x0000000091380000, 0x00000000d8380000)
  object space 140800K, 92% used [0x0000000088a00000,0x00000000908e7f18,0x0000000091380000)
 Metaspace       used 176619K, capacity 179396K, committed 179712K, reserved 1198080K
  class space    used 30534K, capacity 31183K, committed 31232K, reserved 1048576K
}
Event: 4790.048 GC heap before
{Heap before GC invocations=298 (full 10):
 PSYoungGen      total 128000K, used 119197K [0x00000000d8380000, 0x00000000e0e00000, 0x0000000100000000)
  eden space 113664K, 100% used [0x00000000d8380000,0x00000000df280000,0x00000000df280000)
  from space 14336K, 38% used [0x00000000df280000,0x00000000df7e7750,0x00000000e0080000)
  to   space 13824K, 0% used [0x00000000e0080000,0x00000000e0080000,0x00000000e0e00000)
 ParOldGen       total 140800K, used 129951K [0x0000000088a00000, 0x0000000091380000, 0x00000000d8380000)
  object space 140800K, 92% used [0x0000000088a00000,0x00000000908e7f18,0x0000000091380000)
 Metaspace       used 176619K, capacity 179396K, committed 179712K, reserved 1198080K
  class space    used 30534K, capacity 31183K, committed 31232K, reserved 1048576K
Event: 4790.059 GC heap after
Heap after GC invocations=298 (full 10):
 PSYoungGen      total 128000K, used 3971K [0x00000000d8380000, 0x00000000e0e00000, 0x0000000100000000)
  eden space 114176K, 0% used [0x00000000d8380000,0x00000000d8380000,0x00000000df300000)
  from space 13824K, 28% used [0x00000000e0080000,0x00000000e0460d30,0x00000000e0e00000)
  to   space 13824K, 0% used [0x00000000df300000,0x00000000df300000,0x00000000e0080000)
 ParOldGen       total 140800K, used 130841K [0x0000000088a00000, 0x0000000091380000, 0x00000000d8380000)
  object space 140800K, 92% used [0x0000000088a00000,0x00000000909c6700,0x0000000091380000)
 Metaspace       used 176619K, capacity 179396K, committed 179712K, reserved 1198080K
  class space    used 30534K, capacity 31183K, committed 31232K, reserved 1048576K
}
Event: 4818.948 GC heap before
{Heap before GC invocations=299 (full 10):
 PSYoungGen      total 128000K, used 118147K [0x00000000d8380000, 0x00000000e0e00000, 0x0000000100000000)
  eden space 114176K, 100% used [0x00000000d8380000,0x00000000df300000,0x00000000df300000)
  from space 13824K, 28% used [0x00000000e0080000,0x00000000e0460d30,0x00000000e0e00000)
  to   space 13824K, 0% used [0x00000000df300000,0x00000000df300000,0x00000000e0080000)
 ParOldGen       total 140800K, used 130841K [0x0000000088a00000, 0x0000000091380000, 0x00000000d8380000)
  object space 140800K, 92% used [0x0000000088a00000,0x00000000909c6700,0x0000000091380000)
 Metaspace       used 176619K, capacity 179396K, committed 179712K, reserved 1198080K
  class space    used 30534K, capacity 31183K, committed 31232K, reserved 1048576K
Event: 4818.965 GC heap after
Heap after GC invocations=299 (full 10):
 PSYoungGen      total 128000K, used 3122K [0x00000000d8380000, 0x00000000e0e80000, 0x0000000100000000)
  eden space 114176K, 0% used [0x00000000d8380000,0x00000000d8380000,0x00000000df300000)
  from space 13824K, 22% used [0x00000000df300000,0x00000000df60ca80,0x00000000e0080000)
  to   space 13824K, 0% used [0x00000000e0100000,0x00000000e0100000,0x00000000e0e80000)
 ParOldGen       total 140800K, used 131673K [0x0000000088a00000, 0x0000000091380000, 0x00000000d8380000)
  object space 140800K, 93% used [0x0000000088a00000,0x0000000090a96780,0x0000000091380000)
 Metaspace       used 176619K, capacity 179396K, committed 179712K, reserved 1198080K
  class space    used 30534K, capacity 31183K, committed 31232K, reserved 1048576K
}
Event: 4847.846 GC heap before
{Heap before GC invocations=300 (full 10):
 PSYoungGen      total 128000K, used 117298K [0x00000000d8380000, 0x00000000e0e80000, 0x0000000100000000)
  eden space 114176K, 100% used [0x00000000d8380000,0x00000000df300000,0x00000000df300000)
  from space 13824K, 22% used [0x00000000df300000,0x00000000df60ca80,0x00000000e0080000)
  to   space 13824K, 0% used [0x00000000e0100000,0x00000000e0100000,0x00000000e0e80000)
 ParOldGen       total 140800K, used 131673K [0x0000000088a00000, 0x0000000091380000, 0x00000000d8380000)
  object space 140800K, 93% used [0x0000000088a00000,0x0000000090a96780,0x0000000091380000)
 Metaspace       used 176619K, capacity 179396K, committed 179712K, reserved 1198080K
  class space    used 30534K, capacity 31183K, committed 31232K, reserved 1048576K
Event: 4847.853 GC heap after
Heap after GC invocations=300 (full 10):
 PSYoungGen      total 128512K, used 3122K [0x00000000d8380000, 0x00000000e0e80000, 0x0000000100000000)
  eden space 114688K, 0% used [0x00000000d8380000,0x00000000d8380000,0x00000000df380000)
  from space 13824K, 22% used [0x00000000e0100000,0x00000000e040ca80,0x00000000e0e80000)
  to   space 13824K, 0% used [0x00000000df380000,0x00000000df380000,0x00000000e0100000)
 ParOldGen       total 140800K, used 131689K [0x0000000088a00000, 0x0000000091380000, 0x00000000d8380000)
  object space 140800K, 93% used [0x0000000088a00000,0x0000000090a9a780,0x0000000091380000)
 Metaspace       used 176619K, capacity 179396K, committed 179712K, reserved 1198080K
  class space    used 30534K, capacity 31183K, committed 31232K, reserved 1048576K
}
Event: 4876.748 GC heap before
{Heap before GC invocations=301 (full 10):
 PSYoungGen      total 128512K, used 117810K [0x00000000d8380000, 0x00000000e0e80000, 0x0000000100000000)
  eden space 114688K, 100% used [0x00000000d8380000,0x00000000df380000,0x00000000df380000)
  from space 13824K, 22% used [0x00000000e0100000,0x00000000e040ca80,0x00000000e0e80000)
  to   space 13824K, 0% used [0x00000000df380000,0x00000000df380000,0x00000000e0100000)
 ParOldGen       total 140800K, used 131689K [0x0000000088a00000, 0x0000000091380000, 0x00000000d8380000)
  object space 140800K, 93% used [0x0000000088a00000,0x0000000090a9a780,0x0000000091380000)
 Metaspace       used 176619K, capacity 179396K, committed 179712K, reserved 1198080K
  class space    used 30534K, capacity 31183K, committed 31232K, reserved 1048576K
Event: 4876.755 GC heap after
Heap after GC invocations=301 (full 10):
 PSYoungGen      total 128512K, used 3128K [0x00000000d8380000, 0x00000000e0f00000, 0x0000000100000000)
  eden space 114688K, 0% used [0x00000000d8380000,0x00000000d8380000,0x00000000df380000)
  from space 13824K, 22% used [0x00000000df380000,0x00000000df68e2c0,0x00000000e0100000)
  to   space 13824K, 0% used [0x00000000e0180000,0x00000000e0180000,0x00000000e0f00000)
 ParOldGen       total 140800K, used 131705K [0x0000000088a00000, 0x0000000091380000, 0x00000000d8380000)
  object space 140800K, 93% used [0x0000000088a00000,0x0000000090a9e780,0x0000000091380000)
 Metaspace       used 176619K, capacity 179396K, committed 179712K, reserved 1198080K
  class space    used 30534K, capacity 31183K, committed 31232K, reserved 1048576K
}

